<?xml version="1.0" encoding="UTF-8"?>
<!-- Generated by org.testng.reporters.JUnitReportReporter -->
<testsuite skipped="0" hostname="LAPTOP-G4GCV05D" name="Bases.BasePage" tests="1" failures="0" timestamp="2020-07-02T08:22:57 IST" time="17.380" errors="0">
  <testcase name="browserLaunch" time="17.380" classname="Bases.BasePage"/>
  <system-out/>
</testsuite> <!-- Bases.BasePage -->
